<?xml version="1.0" encoding="UTF-8"?>
<testng-results skipped="0" failed="0" ignored="0" total="1" passed="1">
  <reporter-output>
  </reporter-output>
  <suite name="Surefire suite" duration-ms="46619" started-at="2020-02-16T17:43:36 MSK" finished-at="2020-02-16T17:44:23 MSK">
    <groups>
    </groups>
    <test name="Surefire test" duration-ms="46619" started-at="2020-02-16T17:43:36 MSK" finished-at="2020-02-16T17:44:23 MSK">
      <class name="Plinor.pagesTest">
        <test-method status="PASS" signature="errorassert()[pri:0, instance:Plinor.pagesTest@a86356]" name="errorassert" duration-ms="46560" started-at="2020-02-16T17:43:36 MSK" finished-at="2020-02-16T17:44:23 MSK">
          <reporter-output>
          </reporter-output>
        </test-method> <!-- errorassert -->
      </class> <!-- Plinor.pagesTest -->
    </test> <!-- Surefire test -->
  </suite> <!-- Surefire suite -->
</testng-results>
